script.ValidLogin log 2021-08-08 07:18:01,395 Extent report initialized 
script.ValidLogin log 2021-08-08 07:18:01,409 XL DP 
script.ValidLogin log 2021-08-08 07:18:01,409 XL DP 
script.ValidLogin log 2021-08-08 07:18:02,079 XL path:./data/input.xlsx XL Sheet:testValidLogin 
script.ValidLogin log 2021-08-08 07:18:02,079 XL path:./data/input.xlsx XL Sheet:testValidLogin 
script.ValidLogin log 2021-08-08 07:18:02,130 Extent Test Created 
script.ValidLogin log 2021-08-08 07:18:02,130 Extent Test Created 
script.ValidLogin log 2021-08-08 07:18:02,131 Using Grid?:YES 
script.ValidLogin log 2021-08-08 07:18:02,131 Using Grid 
script.ValidLogin log 2021-08-08 07:18:02,131 Using Grid?:YES 
script.ValidLogin log 2021-08-08 07:18:02,132 Using Grid 
script.ValidLogin log 2021-08-08 07:18:02,132 hubURL:http://192.168.1.3:4444/wd/hub 
script.ValidLogin log 2021-08-08 07:18:02,132 hubURL:http://192.168.1.3:4444/wd/hub 
script.ValidLogin log 2021-08-08 07:18:02,134 Browser:chrome 
script.ValidLogin log 2021-08-08 07:18:02,134 Browser:firefox 
script.ValidLogin log 2021-08-08 07:18:03,103 Browser launched in grid:chrome 
script.ValidLogin log 2021-08-08 07:18:03,120 ETO:60 
script.ValidLogin log 2021-08-08 07:18:03,147 ITO:60 
script.ValidLogin log 2021-08-08 07:18:03,159 PLT:60 
script.ValidLogin log 2021-08-08 07:18:03,174 STO:60 
script.ValidLogin log 2021-08-08 07:18:04,433 Browser launched in grid:firefox 
script.ValidLogin log 2021-08-08 07:18:04,435 ETO:60 
script.ValidLogin log 2021-08-08 07:18:04,462 ITO:60 
script.ValidLogin log 2021-08-08 07:18:04,495 PLT:60 
script.ValidLogin log 2021-08-08 07:18:04,514 STO:60 
script.ValidLogin log 2021-08-08 07:18:10,765 appUrl:https://demo.actitime.com/login.do 
script.ValidLogin log 2021-08-08 07:18:10,812 Cookies Deleted 
script.ValidLogin log 2021-08-08 07:18:10,937 Browser Maximized 
script.ValidLogin log 2021-08-08 07:18:10,937 Precondition completed 
script.ValidLogin log 2021-08-08 07:18:11,394 Browser is closed 
script.ValidLogin log 2021-08-08 07:18:11,394 Test executed successfully 
script.ValidLogin log 2021-08-08 07:18:11,395 Postcondition completed 
script.ValidLogin log 2021-08-08 07:18:11,396 Extent Test Created 
script.ValidLogin log 2021-08-08 07:18:11,397 Using Grid?:YES 
script.ValidLogin log 2021-08-08 07:18:11,397 Using Grid 
script.ValidLogin log 2021-08-08 07:18:11,398 hubURL:http://192.168.1.3:4444/wd/hub 
script.ValidLogin log 2021-08-08 07:18:11,399 Browser:chrome 
script.ValidLogin log 2021-08-08 07:18:11,683 Browser launched in grid:chrome 
script.ValidLogin log 2021-08-08 07:18:11,684 ETO:60 
script.ValidLogin log 2021-08-08 07:18:11,703 ITO:60 
script.ValidLogin log 2021-08-08 07:18:11,717 PLT:60 
script.ValidLogin log 2021-08-08 07:18:11,735 STO:60 
script.ValidLogin log 2021-08-08 07:18:12,486 appUrl:https://demo.actitime.com/login.do 
script.ValidLogin log 2021-08-08 07:18:12,503 Cookies Deleted 
script.ValidLogin log 2021-08-08 07:18:12,518 Browser Maximized 
script.ValidLogin log 2021-08-08 07:18:12,518 Precondition completed 
script.ValidLogin log 2021-08-08 07:18:15,332 Browser is closed 
script.ValidLogin log 2021-08-08 07:18:15,332 Test executed successfully 
script.ValidLogin log 2021-08-08 07:18:15,333 Postcondition completed 
script.ValidLogin log 2021-08-08 07:18:15,334 Extent Test Created 
script.ValidLogin log 2021-08-08 07:18:15,335 Using Grid?:YES 
script.ValidLogin log 2021-08-08 07:18:15,335 Using Grid 
script.ValidLogin log 2021-08-08 07:18:15,335 hubURL:http://192.168.1.3:4444/wd/hub 
script.ValidLogin log 2021-08-08 07:18:15,336 Browser:firefox 
script.ValidLogin log 2021-08-08 07:18:16,929 Browser launched in grid:firefox 
script.ValidLogin log 2021-08-08 07:18:16,929 ETO:60 
script.ValidLogin log 2021-08-08 07:18:16,951 ITO:60 
script.ValidLogin log 2021-08-08 07:18:16,988 PLT:60 
script.ValidLogin log 2021-08-08 07:18:17,013 STO:60 
script.ValidLogin log 2021-08-08 07:18:23,870 appUrl:https://demo.actitime.com/login.do 
script.ValidLogin log 2021-08-08 07:18:23,913 Cookies Deleted 
script.ValidLogin log 2021-08-08 07:18:24,034 Browser Maximized 
script.ValidLogin log 2021-08-08 07:18:24,035 Precondition completed 
script.ValidLogin log 2021-08-08 07:18:24,366 Browser is closed 
script.ValidLogin log 2021-08-08 07:18:24,367 Test executed successfully 
script.ValidLogin log 2021-08-08 07:18:24,367 Postcondition completed 
script.ValidLogin log 2021-08-08 07:18:25,002 appUrl:https://demo.actitime.com/login.do 
script.ValidLogin log 2021-08-08 07:18:25,026 Cookies Deleted 
script.ValidLogin log 2021-08-08 07:18:25,042 Browser Maximized 
script.ValidLogin log 2021-08-08 07:18:25,043 Precondition completed 
script.ValidLogin log 2021-08-08 07:18:25,941 Browser is closed 
script.ValidLogin log 2021-08-08 07:18:25,942 Test executed successfully 
script.ValidLogin log 2021-08-08 07:18:25,943 Postcondition completed 
script.ValidLogin log 2021-08-08 07:18:26,296 Extent report published 
script.ValidLogin log 2021-08-08 07:40:58,368 Extent report initialized 
script.ValidLogin log 2021-08-08 07:40:58,382 XL DP 
script.ValidLogin log 2021-08-08 07:40:58,382 XL DP 
script.ValidLogin log 2021-08-08 07:40:59,048 XL path:./data/input.xlsx XL Sheet:testValidLogin 
script.ValidLogin log 2021-08-08 07:40:59,048 XL path:./data/input.xlsx XL Sheet:testValidLogin 
script.ValidLogin log 2021-08-08 07:40:59,064 Extent Test Created 
script.ValidLogin log 2021-08-08 07:40:59,064 Extent Test Created 
script.ValidLogin log 2021-08-08 07:40:59,065 Using Grid?:YES 
script.ValidLogin log 2021-08-08 07:40:59,065 Using Grid?:YES 
script.ValidLogin log 2021-08-08 07:40:59,065 Using Grid 
script.ValidLogin log 2021-08-08 07:40:59,065 Using Grid 
script.ValidLogin log 2021-08-08 07:40:59,068 hubURL:http://192.168.1.3:4444/wd/hub 
script.ValidLogin log 2021-08-08 07:40:59,068 hubURL:http://192.168.1.3:4444/wd/hub 
script.ValidLogin log 2021-08-08 07:40:59,071 Browser:firefox 
script.ValidLogin log 2021-08-08 07:40:59,071 Browser:chrome 
script.ValidLogin log 2021-08-08 07:41:00,008 Browser launched in grid:chrome 
script.ValidLogin log 2021-08-08 07:41:00,014 ETO:60 
script.ValidLogin log 2021-08-08 07:41:00,032 ITO:60 
script.ValidLogin log 2021-08-08 07:41:00,046 PLT:60 
script.ValidLogin log 2021-08-08 07:41:00,058 STO:60 
script.ValidLogin log 2021-08-08 07:41:01,212 Browser launched in grid:firefox 
script.ValidLogin log 2021-08-08 07:41:01,212 ETO:60 
script.ValidLogin log 2021-08-08 07:41:01,245 ITO:60 
script.ValidLogin log 2021-08-08 07:41:01,266 PLT:60 
script.ValidLogin log 2021-08-08 07:41:01,282 STO:60 
script.ValidLogin log 2021-08-08 07:41:07,491 appUrl:https://demo.actitime.com/login.do 
script.ValidLogin log 2021-08-08 07:41:07,529 Cookies Deleted 
script.ValidLogin log 2021-08-08 07:41:07,642 Browser Maximized 
script.ValidLogin log 2021-08-08 07:41:07,642 Precondition completed 
script.ValidLogin log 2021-08-08 07:41:08,059 Browser is closed 
script.ValidLogin log 2021-08-08 07:41:08,060 Test executed successfully 
script.ValidLogin log 2021-08-08 07:41:08,061 Postcondition completed 
script.ValidLogin log 2021-08-08 07:41:08,062 Extent Test Created 
script.ValidLogin log 2021-08-08 07:41:08,063 Using Grid?:YES 
script.ValidLogin log 2021-08-08 07:41:08,063 Using Grid 
script.ValidLogin log 2021-08-08 07:41:08,064 hubURL:http://192.168.1.3:4444/wd/hub 
script.ValidLogin log 2021-08-08 07:41:08,064 Browser:chrome 
script.ValidLogin log 2021-08-08 07:41:08,359 Browser launched in grid:chrome 
script.ValidLogin log 2021-08-08 07:41:08,360 ETO:60 
script.ValidLogin log 2021-08-08 07:41:08,372 ITO:60 
script.ValidLogin log 2021-08-08 07:41:08,385 PLT:60 
script.ValidLogin log 2021-08-08 07:41:08,396 STO:60 
script.ValidLogin log 2021-08-08 07:41:09,801 appUrl:https://demo.actitime.com/login.do 
script.ValidLogin log 2021-08-08 07:41:09,822 Cookies Deleted 
script.ValidLogin log 2021-08-08 07:41:09,836 Browser Maximized 
script.ValidLogin log 2021-08-08 07:41:09,836 Precondition completed 
script.ValidLogin log 2021-08-08 07:41:10,658 Browser is closed 
script.ValidLogin log 2021-08-08 07:41:10,659 Test executed successfully 
script.ValidLogin log 2021-08-08 07:41:10,659 Postcondition completed 
script.ValidLogin log 2021-08-08 07:41:10,660 Extent Test Created 
script.ValidLogin log 2021-08-08 07:41:10,661 Using Grid?:YES 
script.ValidLogin log 2021-08-08 07:41:10,662 Using Grid 
script.ValidLogin log 2021-08-08 07:41:10,662 hubURL:http://192.168.1.3:4444/wd/hub 
script.ValidLogin log 2021-08-08 07:41:10,662 Browser:firefox 
script.ValidLogin log 2021-08-08 07:41:12,358 Browser launched in grid:firefox 
script.ValidLogin log 2021-08-08 07:41:12,359 ETO:60 
script.ValidLogin log 2021-08-08 07:41:12,379 ITO:60 
script.ValidLogin log 2021-08-08 07:41:12,413 PLT:60 
script.ValidLogin log 2021-08-08 07:41:12,452 STO:60 
script.ValidLogin log 2021-08-08 07:41:15,497 appUrl:https://demo.actitime.com/login.do 
script.ValidLogin log 2021-08-08 07:41:15,533 Cookies Deleted 
script.ValidLogin log 2021-08-08 07:41:15,644 Browser Maximized 
script.ValidLogin log 2021-08-08 07:41:15,644 Precondition completed 
script.ValidLogin log 2021-08-08 07:41:15,934 Browser is closed 
script.ValidLogin log 2021-08-08 07:41:15,935 Test executed successfully 
script.ValidLogin log 2021-08-08 07:41:15,936 Postcondition completed 
script.ValidLogin log 2021-08-08 07:41:20,525 appUrl:https://demo.actitime.com/login.do 
script.ValidLogin log 2021-08-08 07:41:20,537 Cookies Deleted 
script.ValidLogin log 2021-08-08 07:41:20,550 Browser Maximized 
script.ValidLogin log 2021-08-08 07:41:20,551 Precondition completed 
script.ValidLogin log 2021-08-08 07:41:21,257 Browser is closed 
script.ValidLogin log 2021-08-08 07:41:21,258 Test executed successfully 
script.ValidLogin log 2021-08-08 07:41:21,258 Postcondition completed 
script.ValidLogin log 2021-08-08 07:41:21,533 Extent report published 
script.ValidLogin log 2021-08-08 07:43:30,578 Extent report initialized 
script.ValidLogin log 2021-08-08 07:43:30,589 XL DP 
script.ValidLogin log 2021-08-08 07:43:30,589 XL DP 
script.ValidLogin log 2021-08-08 07:43:31,082 XL path:./data/input.xlsx XL Sheet:testValidLogin 
script.ValidLogin log 2021-08-08 07:43:31,082 XL path:./data/input.xlsx XL Sheet:testValidLogin 
script.ValidLogin log 2021-08-08 07:43:31,098 Extent Test Created 
script.ValidLogin log 2021-08-08 07:43:31,098 Extent Test Created 
script.ValidLogin log 2021-08-08 07:43:31,100 Using Grid?:YES 
script.ValidLogin log 2021-08-08 07:43:31,100 Using Grid?:YES 
script.ValidLogin log 2021-08-08 07:43:31,100 Using Grid 
script.ValidLogin log 2021-08-08 07:43:31,100 Using Grid 
script.ValidLogin log 2021-08-08 07:43:31,102 hubURL:http://192.168.1.3:4444/wd/hub 
script.ValidLogin log 2021-08-08 07:43:31,102 hubURL:http://192.168.1.3:4444/wd/hub 
script.ValidLogin log 2021-08-08 07:43:31,105 Browser:firefox 
script.ValidLogin log 2021-08-08 07:43:31,105 Browser:chrome 
script.ValidLogin log 2021-08-08 07:43:31,816 Browser launched in grid:chrome 
script.ValidLogin log 2021-08-08 07:43:31,822 ETO:60 
script.ValidLogin log 2021-08-08 07:43:31,841 ITO:60 
script.ValidLogin log 2021-08-08 07:43:31,852 PLT:60 
script.ValidLogin log 2021-08-08 07:43:31,865 STO:60 
script.ValidLogin log 2021-08-08 07:43:33,124 Browser launched in grid:firefox 
script.ValidLogin log 2021-08-08 07:43:33,125 ETO:60 
script.ValidLogin log 2021-08-08 07:43:33,139 ITO:60 
script.ValidLogin log 2021-08-08 07:43:33,150 PLT:60 
script.ValidLogin log 2021-08-08 07:43:33,160 STO:60 
script.ValidLogin log 2021-08-08 07:43:39,553 appUrl:https://demo.actitime.com/login.do 
script.ValidLogin log 2021-08-08 07:43:39,597 Cookies Deleted 
script.ValidLogin log 2021-08-08 07:43:39,709 Browser Maximized 
script.ValidLogin log 2021-08-08 07:43:39,709 Precondition completed 
script.ValidLogin log 2021-08-08 07:43:40,076 Browser is closed 
script.ValidLogin log 2021-08-08 07:43:40,076 Test executed successfully 
script.ValidLogin log 2021-08-08 07:43:40,077 Postcondition completed 
script.ValidLogin log 2021-08-08 07:43:40,078 Extent Test Created 
script.ValidLogin log 2021-08-08 07:43:40,079 Using Grid?:YES 
script.ValidLogin log 2021-08-08 07:43:40,079 Using Grid 
script.ValidLogin log 2021-08-08 07:43:40,080 hubURL:http://192.168.1.3:4444/wd/hub 
script.ValidLogin log 2021-08-08 07:43:40,080 Browser:chrome 
script.ValidLogin log 2021-08-08 07:43:40,367 Browser launched in grid:chrome 
script.ValidLogin log 2021-08-08 07:43:40,367 ETO:60 
script.ValidLogin log 2021-08-08 07:43:40,379 ITO:60 
script.ValidLogin log 2021-08-08 07:43:40,388 PLT:60 
script.ValidLogin log 2021-08-08 07:43:40,397 STO:60 
script.ValidLogin log 2021-08-08 07:43:41,367 appUrl:https://demo.actitime.com/login.do 
script.ValidLogin log 2021-08-08 07:43:41,378 Cookies Deleted 
script.ValidLogin log 2021-08-08 07:43:41,392 Browser Maximized 
script.ValidLogin log 2021-08-08 07:43:41,392 Precondition completed 
script.ValidLogin log 2021-08-08 07:43:42,119 Browser is closed 
script.ValidLogin log 2021-08-08 07:43:42,119 Test executed successfully 
script.ValidLogin log 2021-08-08 07:43:42,120 Postcondition completed 
script.ValidLogin log 2021-08-08 07:43:42,121 Extent Test Created 
script.ValidLogin log 2021-08-08 07:43:42,123 Using Grid?:YES 
script.ValidLogin log 2021-08-08 07:43:42,123 Using Grid 
script.ValidLogin log 2021-08-08 07:43:42,123 hubURL:http://192.168.1.3:4444/wd/hub 
script.ValidLogin log 2021-08-08 07:43:42,123 Browser:firefox 
script.ValidLogin log 2021-08-08 07:43:43,722 Browser launched in grid:firefox 
script.ValidLogin log 2021-08-08 07:43:43,724 ETO:60 
script.ValidLogin log 2021-08-08 07:43:43,736 ITO:60 
script.ValidLogin log 2021-08-08 07:43:43,746 PLT:60 
script.ValidLogin log 2021-08-08 07:43:43,762 STO:60 
script.ValidLogin log 2021-08-08 07:43:47,493 appUrl:https://demo.actitime.com/login.do 
script.ValidLogin log 2021-08-08 07:43:47,533 Cookies Deleted 
script.ValidLogin log 2021-08-08 07:43:47,645 Browser Maximized 
script.ValidLogin log 2021-08-08 07:43:47,646 Precondition completed 
script.ValidLogin log 2021-08-08 07:43:47,919 Browser is closed 
script.ValidLogin log 2021-08-08 07:43:47,920 Test executed successfully 
script.ValidLogin log 2021-08-08 07:43:47,921 Postcondition completed 
script.ValidLogin log 2021-08-08 07:43:51,599 appUrl:https://demo.actitime.com/login.do 
script.ValidLogin log 2021-08-08 07:43:51,609 Cookies Deleted 
script.ValidLogin log 2021-08-08 07:43:51,622 Browser Maximized 
script.ValidLogin log 2021-08-08 07:43:51,622 Precondition completed 
script.ValidLogin log 2021-08-08 07:43:52,332 Browser is closed 
script.ValidLogin log 2021-08-08 07:43:52,333 Test executed successfully 
script.ValidLogin log 2021-08-08 07:43:52,333 Postcondition completed 
script.ValidLogin log 2021-08-08 07:43:52,584 Extent report published 
