script.ValidLogin log 2021-08-07 10:08:27,032 Extent report initialized 
script.ValidLogin log 2021-08-07 10:08:27,038 use Grid?:No 
script.ValidLogin log 2021-08-07 10:08:27,045 XL DP 
script.ValidLogin log 2021-08-07 10:08:27,710 XL path:./data/input.xlsx 
script.ValidLogin log 2021-08-07 10:08:27,711 XL Sheet:testValidLogin 
script.ValidLogin log 2021-08-07 10:08:27,729 Extent Test Created 
script.ValidLogin log 2021-08-07 10:08:27,729 Using Grid?:No 
script.ValidLogin log 2021-08-07 10:08:27,730 Using Local System 
io.github.bonigarcia.wdm.WebDriverManager resolveDriverVersion 2021-08-07 10:08:28,684 Using chromedriver 92.0.4515.107 (resolved driver for Chrome 92) 
io.github.bonigarcia.wdm.WebDriverManager exportDriver 2021-08-07 10:08:28,702 Exporting webdriver.chrome.driver as C:\Users\user\.cache\selenium\chromedriver\win32\92.0.4515.107\chromedriver.exe 
script.ValidLogin log 2021-08-07 10:08:31,241 Launching Chrome Browser 
script.ValidLogin log 2021-08-07 10:08:31,241 Browser launched in local:chrome 
script.ValidLogin log 2021-08-07 10:08:31,252 ETO:10 
script.ValidLogin log 2021-08-07 10:08:31,273 ITO:10 
script.ValidLogin log 2021-08-07 10:08:31,274 PLT:10 
script.ValidLogin log 2021-08-07 10:08:31,287 STO:10 
script.ValidLogin log 2021-08-07 10:08:38,739 appUrl:https://demo.actitime.com/login.do 
script.ValidLogin log 2021-08-07 10:08:38,774 Cookies Deleted 
script.ValidLogin log 2021-08-07 10:08:38,901 Browser Maximized 
script.ValidLogin log 2021-08-07 10:08:38,901 Precondition completed 
script.ValidLogin log 2021-08-07 10:08:39,801 Browser is closed 
script.ValidLogin log 2021-08-07 10:08:39,802 Test executed successfully 
script.ValidLogin log 2021-08-07 10:08:39,802 Postcondition completed 
script.ValidLogin log 2021-08-07 10:08:39,803 Extent Test Created 
script.ValidLogin log 2021-08-07 10:08:39,804 Using Grid?:No 
script.ValidLogin log 2021-08-07 10:08:39,804 Using Local System 
io.github.bonigarcia.wdm.WebDriverManager resolveDriverVersion 2021-08-07 10:08:39,811 Using chromedriver 92.0.4515.107 (resolved driver for Chrome 92) 
io.github.bonigarcia.wdm.WebDriverManager exportDriver 2021-08-07 10:08:39,816 Exporting webdriver.chrome.driver as C:\Users\user\.cache\selenium\chromedriver\win32\92.0.4515.107\chromedriver.exe 
script.ValidLogin log 2021-08-07 10:08:40,909 Launching Chrome Browser 
script.ValidLogin log 2021-08-07 10:08:40,909 Browser launched in local:chrome 
script.ValidLogin log 2021-08-07 10:08:40,910 ETO:10 
script.ValidLogin log 2021-08-07 10:08:40,927 ITO:10 
script.ValidLogin log 2021-08-07 10:08:40,928 PLT:10 
script.ValidLogin log 2021-08-07 10:08:40,943 STO:10 
script.ValidLogin log 2021-08-07 10:08:48,401 appUrl:https://demo.actitime.com/login.do 
script.ValidLogin log 2021-08-07 10:08:48,440 Cookies Deleted 
script.ValidLogin log 2021-08-07 10:08:48,562 Browser Maximized 
script.ValidLogin log 2021-08-07 10:08:48,562 Precondition completed 
script.ValidLogin log 2021-08-07 10:08:49,428 Browser is closed 
script.ValidLogin log 2021-08-07 10:08:49,429 Test executed successfully 
script.ValidLogin log 2021-08-07 10:08:49,429 Postcondition completed 
script.ValidLogin log 2021-08-07 10:08:49,767 Extent report published 
script.ValidLogin log 2021-08-07 11:12:58,454 Extent report initialized 
script.ValidLogin log 2021-08-07 11:12:58,459 use Grid?:No 
script.ValidLogin log 2021-08-07 11:12:58,467 XL DP 
script.ValidLogin log 2021-08-07 11:12:59,150 XL path:./data/input.xlsx XL Sheet:testValidLogin 
script.ValidLogin log 2021-08-07 11:12:59,167 Extent Test Created 
script.ValidLogin log 2021-08-07 11:12:59,167 Using Grid?:No 
script.ValidLogin log 2021-08-07 11:12:59,168 Using Local System 
io.github.bonigarcia.wdm.WebDriverManager resolveDriverVersion 2021-08-07 11:13:00,151 Using chromedriver 92.0.4515.107 (resolved driver for Chrome 92) 
io.github.bonigarcia.wdm.WebDriverManager exportDriver 2021-08-07 11:13:00,165 Exporting webdriver.chrome.driver as C:\Users\user\.cache\selenium\chromedriver\win32\92.0.4515.107\chromedriver.exe 
script.ValidLogin log 2021-08-07 11:13:02,117 Launching Chrome Browser 
script.ValidLogin log 2021-08-07 11:13:02,118 Browser launched in local:chrome 
script.ValidLogin log 2021-08-07 11:13:02,136 ETO:10 
script.ValidLogin log 2021-08-07 11:13:02,151 ITO:10 
script.ValidLogin log 2021-08-07 11:13:02,169 PLT:10 
script.ValidLogin log 2021-08-07 11:13:02,196 STO:10 
script.ValidLogin log 2021-08-07 11:13:09,740 appUrl:https://demo.actitime.com/login.do 
script.ValidLogin log 2021-08-07 11:13:09,771 Cookies Deleted 
script.ValidLogin log 2021-08-07 11:13:09,939 Browser Maximized 
script.ValidLogin log 2021-08-07 11:13:09,940 Precondition completed 
script.ValidLogin log 2021-08-07 11:13:11,436 Browser is closed 
script.ValidLogin log 2021-08-07 11:13:11,436 Test executed successfully 
script.ValidLogin log 2021-08-07 11:13:11,436 Postcondition completed 
script.ValidLogin log 2021-08-07 11:13:11,437 Extent Test Created 
script.ValidLogin log 2021-08-07 11:13:11,438 Using Grid?:No 
script.ValidLogin log 2021-08-07 11:13:11,438 Using Local System 
io.github.bonigarcia.wdm.WebDriverManager resolveDriverVersion 2021-08-07 11:13:11,444 Using chromedriver 92.0.4515.107 (resolved driver for Chrome 92) 
io.github.bonigarcia.wdm.WebDriverManager exportDriver 2021-08-07 11:13:11,449 Exporting webdriver.chrome.driver as C:\Users\user\.cache\selenium\chromedriver\win32\92.0.4515.107\chromedriver.exe 
script.ValidLogin log 2021-08-07 11:13:12,890 Launching Chrome Browser 
script.ValidLogin log 2021-08-07 11:13:12,891 Browser launched in local:chrome 
script.ValidLogin log 2021-08-07 11:13:12,891 ETO:10 
script.ValidLogin log 2021-08-07 11:13:12,925 ITO:10 
script.ValidLogin log 2021-08-07 11:13:12,967 PLT:10 
script.ValidLogin log 2021-08-07 11:13:12,999 STO:10 
script.ValidLogin log 2021-08-07 11:13:20,499 appUrl:https://demo.actitime.com/login.do 
script.ValidLogin log 2021-08-07 11:13:20,521 Cookies Deleted 
script.ValidLogin log 2021-08-07 11:13:20,682 Browser Maximized 
script.ValidLogin log 2021-08-07 11:13:20,683 Precondition completed 
script.ValidLogin log 2021-08-07 11:13:22,204 Browser is closed 
script.ValidLogin log 2021-08-07 11:13:22,204 Test executed successfully 
script.ValidLogin log 2021-08-07 11:13:22,204 Postcondition completed 
script.ValidLogin log 2021-08-07 11:13:22,701 Extent report published 
io.github.bonigarcia.wdm.WebDriverManager resolveDriverVersion 2021-08-07 11:19:53,069 Using chromedriver 92.0.4515.107 (resolved driver for Chrome 92) 
io.github.bonigarcia.wdm.WebDriverManager exportDriver 2021-08-07 11:19:53,099 Exporting webdriver.chrome.driver as C:\Users\user\.cache\selenium\chromedriver\win32\92.0.4515.107\chromedriver.exe 
io.github.bonigarcia.wdm.WebDriverManager resolveDriverVersion 2021-08-07 11:25:50,975 Using chromedriver 92.0.4515.107 (resolved driver for Chrome 92) 
io.github.bonigarcia.wdm.WebDriverManager exportDriver 2021-08-07 11:25:50,996 Exporting webdriver.chrome.driver as C:\Users\user\.cache\selenium\chromedriver\win32\92.0.4515.107\chromedriver.exe 
io.github.bonigarcia.wdm.WebDriverManager resolveDriverVersion 2021-08-07 11:30:55,401 Using chromedriver 92.0.4515.107 (resolved driver for Chrome 92) 
io.github.bonigarcia.wdm.WebDriverManager exportDriver 2021-08-07 11:30:55,457 Exporting webdriver.chrome.driver as C:\Users\user\.cache\selenium\chromedriver\win32\92.0.4515.107\chromedriver.exe 
io.github.bonigarcia.wdm.WebDriverManager resolveDriverVersion 2021-08-07 11:33:10,323 Using chromedriver 92.0.4515.107 (resolved driver for Chrome 92) 
io.github.bonigarcia.wdm.WebDriverManager exportDriver 2021-08-07 11:33:10,381 Exporting webdriver.chrome.driver as C:\Users\user\.cache\selenium\chromedriver\win32\92.0.4515.107\chromedriver.exe 
script.ValidLogin log 2021-08-07 12:02:26,862 Extent report initialized 
script.ValidLogin log 2021-08-07 12:02:26,868 use Grid?:No 
script.ValidLogin log 2021-08-07 12:02:26,878 XL DP 
script.ValidLogin log 2021-08-07 12:02:27,474 XL path:./data/input.xlsx XL Sheet:testValidLogin 
script.ValidLogin log 2021-08-07 12:02:27,490 Extent Test Created 
script.ValidLogin log 2021-08-07 12:02:27,491 Using Grid?:No 
script.ValidLogin log 2021-08-07 12:02:27,491 Using Local System 
io.github.bonigarcia.wdm.WebDriverManager resolveDriverVersion 2021-08-07 12:02:27,857 Using chromedriver 92.0.4515.107 (resolved driver for Chrome 92) 
io.github.bonigarcia.wdm.WebDriverManager exportDriver 2021-08-07 12:02:27,871 Exporting webdriver.chrome.driver as C:\Users\user\.cache\selenium\chromedriver\win32\92.0.4515.107\chromedriver.exe 
script.ValidLogin log 2021-08-07 12:02:29,286 Launching Chrome Browser 
script.ValidLogin log 2021-08-07 12:02:29,287 Browser launched in local:chrome 
script.ValidLogin log 2021-08-07 12:02:29,306 Webdriver registered to EventFiringWebDriver 
script.ValidLogin log 2021-08-07 12:02:29,317 ETO:10 
script.ValidLogin log 2021-08-07 12:02:29,326 ITO:10 
script.ValidLogin log 2021-08-07 12:02:29,341 PLT:10 
script.ValidLogin log 2021-08-07 12:02:29,356 STO:10 
script.ValidLogin afterNavigateTo 2021-08-07 12:02:38,059 Navigated to :https://demo.actitime.com/login.do 
script.ValidLogin log 2021-08-07 12:02:38,060 appUrl:https://demo.actitime.com/login.do 
script.ValidLogin log 2021-08-07 12:02:38,086 Cookies Deleted 
script.ValidLogin log 2021-08-07 12:02:38,230 Browser Maximized 
script.ValidLogin log 2021-08-07 12:02:38,230 Precondition completed 
script.ValidLogin log 2021-08-07 12:02:39,182 Browser is closed 
script.ValidLogin log 2021-08-07 12:02:39,182 Test executed successfully 
script.ValidLogin log 2021-08-07 12:02:39,182 Postcondition completed 
script.ValidLogin log 2021-08-07 12:02:39,183 Extent Test Created 
script.ValidLogin log 2021-08-07 12:02:39,183 Using Grid?:No 
script.ValidLogin log 2021-08-07 12:02:39,183 Using Local System 
io.github.bonigarcia.wdm.WebDriverManager resolveDriverVersion 2021-08-07 12:02:39,190 Using chromedriver 92.0.4515.107 (resolved driver for Chrome 92) 
io.github.bonigarcia.wdm.WebDriverManager exportDriver 2021-08-07 12:02:39,195 Exporting webdriver.chrome.driver as C:\Users\user\.cache\selenium\chromedriver\win32\92.0.4515.107\chromedriver.exe 
script.ValidLogin log 2021-08-07 12:02:40,341 Launching Chrome Browser 
script.ValidLogin log 2021-08-07 12:02:40,342 Browser launched in local:chrome 
script.ValidLogin log 2021-08-07 12:02:40,343 Webdriver registered to EventFiringWebDriver 
script.ValidLogin log 2021-08-07 12:02:40,343 ETO:10 
script.ValidLogin log 2021-08-07 12:02:40,354 ITO:10 
script.ValidLogin log 2021-08-07 12:02:40,369 PLT:10 
script.ValidLogin log 2021-08-07 12:02:40,385 STO:10 
script.ValidLogin afterNavigateTo 2021-08-07 12:02:48,858 Navigated to :https://demo.actitime.com/login.do 
script.ValidLogin log 2021-08-07 12:02:48,859 appUrl:https://demo.actitime.com/login.do 
script.ValidLogin log 2021-08-07 12:02:48,877 Cookies Deleted 
script.ValidLogin log 2021-08-07 12:02:49,003 Browser Maximized 
script.ValidLogin log 2021-08-07 12:02:49,003 Precondition completed 
script.ValidLogin log 2021-08-07 12:02:49,964 Browser is closed 
script.ValidLogin log 2021-08-07 12:02:49,964 Test executed successfully 
script.ValidLogin log 2021-08-07 12:02:49,965 Postcondition completed 
script.ValidLogin log 2021-08-07 12:02:50,247 Extent report published 
